Duration, M, N, K
0.422000, 6.000000, 5.000000, 4.000000
0.474000, 6.000000, 5.000000, 4.000000
0.673000, 6.000000, 5.000000, 4.000000
0.482000, 6.000000, 5.000000, 4.000000
0.721000, 6.000000, 5.000000, 4.000000
0.441000, 6.000000, 5.000000, 4.000000
0.459000, 6.000000, 5.000000, 4.000000
0.694000, 6.000000, 5.000000, 4.000000
0.458000, 6.000000, 5.000000, 4.000000
0.468000, 6.000000, 5.000000, 4.000000
0.684000, 6.000000, 5.000000, 4.000000
0.470000, 6.000000, 5.000000, 4.000000
0.469000, 6.000000, 5.000000, 4.000000
0.667000, 6.000000, 5.000000, 4.000000
0.422000, 6.000000, 5.000000, 4.000000
0.432000, 6.000000, 5.000000, 4.000000
0.469000, 6.000000, 5.000000, 4.000000
0.691000, 6.000000, 5.000000, 4.000000
0.450000, 6.000000, 5.000000, 4.000000
0.629000, 6.000000, 5.000000, 4.000000
0.451000, 6.000000, 5.000000, 4.000000
0.505000, 6.000000, 5.000000, 4.000000
0.686000, 6.000000, 5.000000, 4.000000
0.435000, 6.000000, 5.000000, 4.000000
0.478000, 6.000000, 5.000000, 4.000000
0.686000, 6.000000, 5.000000, 4.000000
0.418000, 6.000000, 5.000000, 4.000000
0.462000, 6.000000, 5.000000, 4.000000
0.680000, 6.000000, 5.000000, 4.000000
0.523000, 6.000000, 5.000000, 4.000000
0.604000, 6.000000, 5.000000, 4.000000
0.485000, 6.000000, 5.000000, 4.000000
0.692000, 6.000000, 5.000000, 4.000000
0.422000, 6.000000, 5.000000, 4.000000
0.460000, 6.000000, 5.000000, 4.000000
0.685000, 6.000000, 5.000000, 4.000000
0.420000, 6.000000, 5.000000, 4.000000
0.453000, 6.000000, 5.000000, 4.000000
0.661000, 6.000000, 5.000000, 4.000000
0.495000, 6.000000, 5.000000, 4.000000
0.670000, 6.000000, 5.000000, 4.000000
0.427000, 6.000000, 5.000000, 4.000000
1.951000, 4.000000, 8.000000, 10.000000
2.683000, 4.000000, 8.000000, 10.000000
1.936000, 4.000000, 8.000000, 10.000000
1.949000, 4.000000, 8.000000, 10.000000
2.724000, 4.000000, 8.000000, 10.000000
1.906000, 4.000000, 8.000000, 10.000000
1.951000, 4.000000, 8.000000, 10.000000
2.631000, 4.000000, 8.000000, 10.000000
1.989000, 4.000000, 8.000000, 10.000000
2.679000, 4.000000, 8.000000, 10.000000
1.897000, 4.000000, 8.000000, 10.000000
1.951000, 4.000000, 8.000000, 10.000000
2.894000, 4.000000, 8.000000, 10.000000
1.903000, 4.000000, 8.000000, 10.000000
1.948000, 4.000000, 8.000000, 10.000000
2.666000, 4.000000, 8.000000, 10.000000
1.922000, 4.000000, 8.000000, 10.000000
1.951000, 4.000000, 8.000000, 10.000000
2.769000, 4.000000, 8.000000, 10.000000
1.937000, 4.000000, 8.000000, 10.000000
2.739000, 4.000000, 8.000000, 10.000000
1.912000, 4.000000, 8.000000, 10.000000
1.942000, 4.000000, 8.000000, 10.000000
2.694000, 4.000000, 8.000000, 10.000000
1.903000, 4.000000, 8.000000, 10.000000
1.956000, 4.000000, 8.000000, 10.000000
2.784000, 4.000000, 8.000000, 10.000000
1.894000, 4.000000, 8.000000, 10.000000
1.946000, 4.000000, 8.000000, 10.000000
2.704000, 4.000000, 8.000000, 10.000000
1.899000, 4.000000, 8.000000, 10.000000
1.923000, 4.000000, 8.000000, 10.000000
2.748000, 4.000000, 8.000000, 10.000000
1.903000, 4.000000, 8.000000, 10.000000
1.941000, 4.000000, 8.000000, 10.000000
2.818000, 4.000000, 8.000000, 10.000000
1.926000, 4.000000, 8.000000, 10.000000
1.927000, 4.000000, 8.000000, 10.000000
2.793000, 4.000000, 8.000000, 10.000000
1.914000, 4.000000, 8.000000, 10.000000
1.948000, 4.000000, 8.000000, 10.000000
2.701000, 4.000000, 8.000000, 10.000000
0.244000, 8.000000, 2.000000, 2.000000
0.269000, 8.000000, 2.000000, 2.000000
0.380000, 8.000000, 2.000000, 2.000000
0.229000, 8.000000, 2.000000, 2.000000
0.281000, 8.000000, 2.000000, 2.000000
0.395000, 8.000000, 2.000000, 2.000000
0.235000, 8.000000, 2.000000, 2.000000
0.275000, 8.000000, 2.000000, 2.000000
0.383000, 8.000000, 2.000000, 2.000000
0.268000, 8.000000, 2.000000, 2.000000
0.285000, 8.000000, 2.000000, 2.000000
0.345000, 8.000000, 2.000000, 2.000000
0.243000, 8.000000, 2.000000, 2.000000
0.268000, 8.000000, 2.000000, 2.000000
0.424000, 8.000000, 2.000000, 2.000000
0.242000, 8.000000, 2.000000, 2.000000
0.303000, 8.000000, 2.000000, 2.000000
0.404000, 8.000000, 2.000000, 2.000000
0.250000, 8.000000, 2.000000, 2.000000
0.277000, 8.000000, 2.000000, 2.000000
0.369000, 8.000000, 2.000000, 2.000000
0.253000, 8.000000, 2.000000, 2.000000
0.278000, 8.000000, 2.000000, 2.000000
0.441000, 8.000000, 2.000000, 2.000000
0.270000, 8.000000, 2.000000, 2.000000
0.246000, 8.000000, 2.000000, 2.000000
0.284000, 8.000000, 2.000000, 2.000000
0.400000, 8.000000, 2.000000, 2.000000
0.240000, 8.000000, 2.000000, 2.000000
0.252000, 8.000000, 2.000000, 2.000000
0.295000, 8.000000, 2.000000, 2.000000
0.395000, 8.000000, 2.000000, 2.000000
0.248000, 8.000000, 2.000000, 2.000000
0.324000, 8.000000, 2.000000, 2.000000
0.408000, 8.000000, 2.000000, 2.000000
0.312000, 8.000000, 2.000000, 2.000000
0.420000, 8.000000, 2.000000, 2.000000
0.240000, 8.000000, 2.000000, 2.000000
0.266000, 8.000000, 2.000000, 2.000000
0.404000, 8.000000, 2.000000, 2.000000
0.273000, 8.000000, 2.000000, 2.000000
0.334000, 8.000000, 2.000000, 2.000000
0.452000, 1.000000, 5.000000, 2.000000
0.423000, 1.000000, 5.000000, 2.000000
0.474000, 1.000000, 5.000000, 2.000000
0.268000, 1.000000, 5.000000, 2.000000
0.337000, 1.000000, 5.000000, 2.000000
0.420000, 1.000000, 5.000000, 2.000000
0.323000, 1.000000, 5.000000, 2.000000
0.301000, 1.000000, 5.000000, 2.000000
0.428000, 1.000000, 5.000000, 2.000000
0.318000, 1.000000, 5.000000, 2.000000
0.291000, 1.000000, 5.000000, 2.000000
0.436000, 1.000000, 5.000000, 2.000000
0.323000, 1.000000, 5.000000, 2.000000
0.351000, 1.000000, 5.000000, 2.000000
0.456000, 1.000000, 5.000000, 2.000000
0.309000, 1.000000, 5.000000, 2.000000
0.329000, 1.000000, 5.000000, 2.000000
0.514000, 1.000000, 5.000000, 2.000000
0.286000, 1.000000, 5.000000, 2.000000
0.358000, 1.000000, 5.000000, 2.000000
0.485000, 1.000000, 5.000000, 2.000000
0.261000, 1.000000, 5.000000, 2.000000
0.374000, 1.000000, 5.000000, 2.000000
0.470000, 1.000000, 5.000000, 2.000000
0.269000, 1.000000, 5.000000, 2.000000
0.347000, 1.000000, 5.000000, 2.000000
0.402000, 1.000000, 5.000000, 2.000000
0.274000, 1.000000, 5.000000, 2.000000
0.338000, 1.000000, 5.000000, 2.000000
0.510000, 1.000000, 5.000000, 2.000000
0.281000, 1.000000, 5.000000, 2.000000
0.331000, 1.000000, 5.000000, 2.000000
0.311000, 1.000000, 5.000000, 2.000000
0.509000, 1.000000, 5.000000, 2.000000
0.316000, 1.000000, 5.000000, 2.000000
0.342000, 1.000000, 5.000000, 2.000000
0.353000, 1.000000, 5.000000, 2.000000
0.448000, 1.000000, 5.000000, 2.000000
0.308000, 1.000000, 5.000000, 2.000000
0.349000, 1.000000, 5.000000, 2.000000
0.383000, 1.000000, 5.000000, 2.000000
0.320000, 1.000000, 5.000000, 2.000000
1.197000, 6.000000, 8.000000, 5.000000
1.719000, 6.000000, 8.000000, 5.000000
1.152000, 6.000000, 8.000000, 5.000000
1.214000, 6.000000, 8.000000, 5.000000
1.732000, 6.000000, 8.000000, 5.000000
1.175000, 6.000000, 8.000000, 5.000000
1.157000, 6.000000, 8.000000, 5.000000
1.739000, 6.000000, 8.000000, 5.000000
1.181000, 6.000000, 8.000000, 5.000000
1.872000, 6.000000, 8.000000, 5.000000
1.163000, 6.000000, 8.000000, 5.000000
1.217000, 6.000000, 8.000000, 5.000000
1.717000, 6.000000, 8.000000, 5.000000
1.130000, 6.000000, 8.000000, 5.000000
1.194000, 6.000000, 8.000000, 5.000000
1.723000, 6.000000, 8.000000, 5.000000
1.133000, 6.000000, 8.000000, 5.000000
1.177000, 6.000000, 8.000000, 5.000000
1.803000, 6.000000, 8.000000, 5.000000
1.140000, 6.000000, 8.000000, 5.000000
1.218000, 6.000000, 8.000000, 5.000000
1.742000, 6.000000, 8.000000, 5.000000
1.127000, 6.000000, 8.000000, 5.000000
1.185000, 6.000000, 8.000000, 5.000000
1.778000, 6.000000, 8.000000, 5.000000
1.132000, 6.000000, 8.000000, 5.000000
1.184000, 6.000000, 8.000000, 5.000000
1.781000, 6.000000, 8.000000, 5.000000
1.131000, 6.000000, 8.000000, 5.000000
1.210000, 6.000000, 8.000000, 5.000000
1.791000, 6.000000, 8.000000, 5.000000
1.179000, 6.000000, 8.000000, 5.000000
1.858000, 6.000000, 8.000000, 5.000000
1.121000, 6.000000, 8.000000, 5.000000
1.188000, 6.000000, 8.000000, 5.000000
1.742000, 6.000000, 8.000000, 5.000000
1.167000, 6.000000, 8.000000, 5.000000
1.198000, 6.000000, 8.000000, 5.000000
1.751000, 6.000000, 8.000000, 5.000000
1.127000, 6.000000, 8.000000, 5.000000
1.204000, 6.000000, 8.000000, 5.000000
1.583000, 6.000000, 8.000000, 5.000000
0.386000, 8.000000, 4.000000, 3.000000
0.428000, 8.000000, 4.000000, 3.000000
0.555000, 8.000000, 4.000000, 3.000000
0.369000, 8.000000, 4.000000, 3.000000
0.355000, 8.000000, 4.000000, 3.000000
0.378000, 8.000000, 4.000000, 3.000000
0.545000, 8.000000, 4.000000, 3.000000
0.389000, 8.000000, 4.000000, 3.000000
0.365000, 8.000000, 4.000000, 3.000000
0.402000, 8.000000, 4.000000, 3.000000
0.561000, 8.000000, 4.000000, 3.000000
0.339000, 8.000000, 4.000000, 3.000000
0.385000, 8.000000, 4.000000, 3.000000
0.582000, 8.000000, 4.000000, 3.000000
0.341000, 8.000000, 4.000000, 3.000000
0.417000, 8.000000, 4.000000, 3.000000
0.578000, 8.000000, 4.000000, 3.000000
0.341000, 8.000000, 4.000000, 3.000000
0.400000, 8.000000, 4.000000, 3.000000
0.614000, 8.000000, 4.000000, 3.000000
0.339000, 8.000000, 4.000000, 3.000000
0.416000, 8.000000, 4.000000, 3.000000
0.619000, 8.000000, 4.000000, 3.000000
0.335000, 8.000000, 4.000000, 3.000000
0.418000, 8.000000, 4.000000, 3.000000
0.576000, 8.000000, 4.000000, 3.000000
0.341000, 8.000000, 4.000000, 3.000000
0.404000, 8.000000, 4.000000, 3.000000
0.552000, 8.000000, 4.000000, 3.000000
0.343000, 8.000000, 4.000000, 3.000000
0.446000, 8.000000, 4.000000, 3.000000
0.529000, 8.000000, 4.000000, 3.000000
0.382000, 8.000000, 4.000000, 3.000000
0.389000, 8.000000, 4.000000, 3.000000
0.610000, 8.000000, 4.000000, 3.000000
0.345000, 8.000000, 4.000000, 3.000000
0.406000, 8.000000, 4.000000, 3.000000
0.560000, 8.000000, 4.000000, 3.000000
0.380000, 8.000000, 4.000000, 3.000000
0.364000, 8.000000, 4.000000, 3.000000
0.391000, 8.000000, 4.000000, 3.000000
0.387000, 8.000000, 4.000000, 3.000000
0.329000, 1.000000, 1.000000, 6.000000
0.244000, 1.000000, 1.000000, 6.000000
0.371000, 1.000000, 1.000000, 6.000000
0.193000, 1.000000, 1.000000, 6.000000
0.250000, 1.000000, 1.000000, 6.000000
0.293000, 1.000000, 1.000000, 6.000000
0.209000, 1.000000, 1.000000, 6.000000
0.243000, 1.000000, 1.000000, 6.000000
0.309000, 1.000000, 1.000000, 6.000000
0.219000, 1.000000, 1.000000, 6.000000
0.233000, 1.000000, 1.000000, 6.000000
0.355000, 1.000000, 1.000000, 6.000000
0.196000, 1.000000, 1.000000, 6.000000
0.235000, 1.000000, 1.000000, 6.000000
0.202000, 1.000000, 1.000000, 6.000000
0.241000, 1.000000, 1.000000, 6.000000
0.341000, 1.000000, 1.000000, 6.000000
0.174000, 1.000000, 1.000000, 6.000000
0.251000, 1.000000, 1.000000, 6.000000
0.322000, 1.000000, 1.000000, 6.000000
0.220000, 1.000000, 1.000000, 6.000000
0.224000, 1.000000, 1.000000, 6.000000
0.326000, 1.000000, 1.000000, 6.000000
0.171000, 1.000000, 1.000000, 6.000000
0.256000, 1.000000, 1.000000, 6.000000
0.310000, 1.000000, 1.000000, 6.000000
0.222000, 1.000000, 1.000000, 6.000000
0.241000, 1.000000, 1.000000, 6.000000
0.342000, 1.000000, 1.000000, 6.000000
0.181000, 1.000000, 1.000000, 6.000000
0.252000, 1.000000, 1.000000, 6.000000
0.364000, 1.000000, 1.000000, 6.000000
0.188000, 1.000000, 1.000000, 6.000000
0.245000, 1.000000, 1.000000, 6.000000
0.176000, 1.000000, 1.000000, 6.000000
0.245000, 1.000000, 1.000000, 6.000000
0.330000, 1.000000, 1.000000, 6.000000
0.239000, 1.000000, 1.000000, 6.000000
0.358000, 1.000000, 1.000000, 6.000000
0.198000, 1.000000, 1.000000, 6.000000
0.260000, 1.000000, 1.000000, 6.000000
0.322000, 1.000000, 1.000000, 6.000000
0.480000, 3.000000, 7.000000, 2.000000
0.512000, 3.000000, 7.000000, 2.000000
0.682000, 3.000000, 7.000000, 2.000000
0.440000, 3.000000, 7.000000, 2.000000
0.515000, 3.000000, 7.000000, 2.000000
0.711000, 3.000000, 7.000000, 2.000000
0.438000, 3.000000, 7.000000, 2.000000
0.514000, 3.000000, 7.000000, 2.000000
0.759000, 3.000000, 7.000000, 2.000000
0.439000, 3.000000, 7.000000, 2.000000
0.510000, 3.000000, 7.000000, 2.000000
0.719000, 3.000000, 7.000000, 2.000000
0.491000, 3.000000, 7.000000, 2.000000
0.530000, 3.000000, 7.000000, 2.000000
0.683000, 3.000000, 7.000000, 2.000000
0.440000, 3.000000, 7.000000, 2.000000
0.518000, 3.000000, 7.000000, 2.000000
0.711000, 3.000000, 7.000000, 2.000000
0.434000, 3.000000, 7.000000, 2.000000
0.546000, 3.000000, 7.000000, 2.000000
0.746000, 3.000000, 7.000000, 2.000000
0.439000, 3.000000, 7.000000, 2.000000
0.528000, 3.000000, 7.000000, 2.000000
0.708000, 3.000000, 7.000000, 2.000000
0.441000, 3.000000, 7.000000, 2.000000
0.506000, 3.000000, 7.000000, 2.000000
0.733000, 3.000000, 7.000000, 2.000000
0.444000, 3.000000, 7.000000, 2.000000
0.495000, 3.000000, 7.000000, 2.000000
0.727000, 3.000000, 7.000000, 2.000000
0.445000, 3.000000, 7.000000, 2.000000
0.490000, 3.000000, 7.000000, 2.000000
0.696000, 3.000000, 7.000000, 2.000000
0.444000, 3.000000, 7.000000, 2.000000
0.469000, 3.000000, 7.000000, 2.000000
0.488000, 3.000000, 7.000000, 2.000000
0.689000, 3.000000, 7.000000, 2.000000
0.482000, 3.000000, 7.000000, 2.000000
0.442000, 3.000000, 7.000000, 2.000000
0.521000, 3.000000, 7.000000, 2.000000
0.708000, 3.000000, 7.000000, 2.000000
0.437000, 3.000000, 7.000000, 2.000000
2.273000, 4.000000, 10.000000, 6.000000
3.163000, 4.000000, 10.000000, 6.000000
2.216000, 4.000000, 10.000000, 6.000000
2.265000, 4.000000, 10.000000, 6.000000
3.135000, 4.000000, 10.000000, 6.000000
2.283000, 4.000000, 10.000000, 6.000000
3.072000, 4.000000, 10.000000, 6.000000
2.236000, 4.000000, 10.000000, 6.000000
2.312000, 4.000000, 10.000000, 6.000000
3.145000, 4.000000, 10.000000, 6.000000
2.211000, 4.000000, 10.000000, 6.000000
2.221000, 4.000000, 10.000000, 6.000000
2.270000, 4.000000, 10.000000, 6.000000
3.336000, 4.000000, 10.000000, 6.000000
2.216000, 4.000000, 10.000000, 6.000000
2.281000, 4.000000, 10.000000, 6.000000
3.408000, 4.000000, 10.000000, 6.000000
2.236000, 4.000000, 10.000000, 6.000000
2.271000, 4.000000, 10.000000, 6.000000
3.160000, 4.000000, 10.000000, 6.000000
2.248000, 4.000000, 10.000000, 6.000000
2.247000, 4.000000, 10.000000, 6.000000
3.170000, 4.000000, 10.000000, 6.000000
2.195000, 4.000000, 10.000000, 6.000000
2.253000, 4.000000, 10.000000, 6.000000
3.419000, 4.000000, 10.000000, 6.000000
2.281000, 4.000000, 10.000000, 6.000000
2.265000, 4.000000, 10.000000, 6.000000
3.303000, 4.000000, 10.000000, 6.000000
2.251000, 4.000000, 10.000000, 6.000000
2.266000, 4.000000, 10.000000, 6.000000
3.209000, 4.000000, 10.000000, 6.000000
2.241000, 4.000000, 10.000000, 6.000000
2.281000, 4.000000, 10.000000, 6.000000
3.321000, 4.000000, 10.000000, 6.000000
2.263000, 4.000000, 10.000000, 6.000000
3.158000, 4.000000, 10.000000, 6.000000
2.234000, 4.000000, 10.000000, 6.000000
2.275000, 4.000000, 10.000000, 6.000000
3.164000, 4.000000, 10.000000, 6.000000
2.209000, 4.000000, 10.000000, 6.000000
2.213000, 4.000000, 10.000000, 6.000000
0.469000, 6.000000, 6.000000, 2.000000
0.673000, 6.000000, 6.000000, 2.000000
0.482000, 6.000000, 6.000000, 2.000000
0.668000, 6.000000, 6.000000, 2.000000
0.426000, 6.000000, 6.000000, 2.000000
0.411000, 6.000000, 6.000000, 2.000000
0.471000, 6.000000, 6.000000, 2.000000
0.653000, 6.000000, 6.000000, 2.000000
0.430000, 6.000000, 6.000000, 2.000000
0.487000, 6.000000, 6.000000, 2.000000
0.644000, 6.000000, 6.000000, 2.000000
0.419000, 6.000000, 6.000000, 2.000000
0.501000, 6.000000, 6.000000, 2.000000
0.664000, 6.000000, 6.000000, 2.000000
0.451000, 6.000000, 6.000000, 2.000000
0.485000, 6.000000, 6.000000, 2.000000
0.635000, 6.000000, 6.000000, 2.000000
0.414000, 6.000000, 6.000000, 2.000000
0.474000, 6.000000, 6.000000, 2.000000
0.624000, 6.000000, 6.000000, 2.000000
0.410000, 6.000000, 6.000000, 2.000000
0.514000, 6.000000, 6.000000, 2.000000
0.680000, 6.000000, 6.000000, 2.000000
0.416000, 6.000000, 6.000000, 2.000000
0.464000, 6.000000, 6.000000, 2.000000
0.644000, 6.000000, 6.000000, 2.000000
0.440000, 6.000000, 6.000000, 2.000000
0.471000, 6.000000, 6.000000, 2.000000
0.660000, 6.000000, 6.000000, 2.000000
0.411000, 6.000000, 6.000000, 2.000000
0.504000, 6.000000, 6.000000, 2.000000
0.655000, 6.000000, 6.000000, 2.000000
0.415000, 6.000000, 6.000000, 2.000000
0.462000, 6.000000, 6.000000, 2.000000
0.632000, 6.000000, 6.000000, 2.000000
0.409000, 6.000000, 6.000000, 2.000000
0.515000, 6.000000, 6.000000, 2.000000
0.664000, 6.000000, 6.000000, 2.000000
0.414000, 6.000000, 6.000000, 2.000000
0.481000, 6.000000, 6.000000, 2.000000
0.681000, 6.000000, 6.000000, 2.000000
0.418000, 6.000000, 6.000000, 2.000000
0.368000, 6.000000, 3.000000, 4.000000
0.418000, 6.000000, 3.000000, 4.000000
0.270000, 6.000000, 3.000000, 4.000000
0.352000, 6.000000, 3.000000, 4.000000
0.437000, 6.000000, 3.000000, 4.000000
0.276000, 6.000000, 3.000000, 4.000000
0.341000, 6.000000, 3.000000, 4.000000
0.441000, 6.000000, 3.000000, 4.000000
0.271000, 6.000000, 3.000000, 4.000000
0.348000, 6.000000, 3.000000, 4.000000
0.474000, 6.000000, 3.000000, 4.000000
0.309000, 6.000000, 3.000000, 4.000000
0.328000, 6.000000, 3.000000, 4.000000
0.441000, 6.000000, 3.000000, 4.000000
0.272000, 6.000000, 3.000000, 4.000000
0.362000, 6.000000, 3.000000, 4.000000
0.410000, 6.000000, 3.000000, 4.000000
0.302000, 6.000000, 3.000000, 4.000000
0.324000, 6.000000, 3.000000, 4.000000
0.267000, 6.000000, 3.000000, 4.000000
0.313000, 6.000000, 3.000000, 4.000000
0.497000, 6.000000, 3.000000, 4.000000
0.268000, 6.000000, 3.000000, 4.000000
0.376000, 6.000000, 3.000000, 4.000000
0.451000, 6.000000, 3.000000, 4.000000
0.271000, 6.000000, 3.000000, 4.000000
0.329000, 6.000000, 3.000000, 4.000000
0.447000, 6.000000, 3.000000, 4.000000
0.317000, 6.000000, 3.000000, 4.000000
0.271000, 6.000000, 3.000000, 4.000000
0.322000, 6.000000, 3.000000, 4.000000
0.475000, 6.000000, 3.000000, 4.000000
0.298000, 6.000000, 3.000000, 4.000000
0.280000, 6.000000, 3.000000, 4.000000
0.548000, 6.000000, 3.000000, 4.000000
0.262000, 6.000000, 3.000000, 4.000000
0.320000, 6.000000, 3.000000, 4.000000
0.441000, 6.000000, 3.000000, 4.000000
0.271000, 6.000000, 3.000000, 4.000000
0.331000, 6.000000, 3.000000, 4.000000
0.465000, 6.000000, 3.000000, 4.000000
0.269000, 6.000000, 3.000000, 4.000000
0.544000, 5.000000, 7.000000, 2.000000
0.757000, 5.000000, 7.000000, 2.000000
0.476000, 5.000000, 7.000000, 2.000000
0.545000, 5.000000, 7.000000, 2.000000
0.737000, 5.000000, 7.000000, 2.000000
0.477000, 5.000000, 7.000000, 2.000000
0.545000, 5.000000, 7.000000, 2.000000
0.845000, 5.000000, 7.000000, 2.000000
0.477000, 5.000000, 7.000000, 2.000000
0.547000, 5.000000, 7.000000, 2.000000
0.812000, 5.000000, 7.000000, 2.000000
0.529000, 5.000000, 7.000000, 2.000000
0.504000, 5.000000, 7.000000, 2.000000
0.506000, 5.000000, 7.000000, 2.000000
0.533000, 5.000000, 7.000000, 2.000000
0.657000, 5.000000, 7.000000, 2.000000
0.539000, 5.000000, 7.000000, 2.000000
0.765000, 5.000000, 7.000000, 2.000000
0.552000, 5.000000, 7.000000, 2.000000
0.789000, 5.000000, 7.000000, 2.000000
0.475000, 5.000000, 7.000000, 2.000000
0.556000, 5.000000, 7.000000, 2.000000
0.738000, 5.000000, 7.000000, 2.000000
0.512000, 5.000000, 7.000000, 2.000000
0.487000, 5.000000, 7.000000, 2.000000
0.546000, 5.000000, 7.000000, 2.000000
0.796000, 5.000000, 7.000000, 2.000000
0.484000, 5.000000, 7.000000, 2.000000
0.549000, 5.000000, 7.000000, 2.000000
0.766000, 5.000000, 7.000000, 2.000000
0.518000, 5.000000, 7.000000, 2.000000
0.521000, 5.000000, 7.000000, 2.000000
0.799000, 5.000000, 7.000000, 2.000000
0.486000, 5.000000, 7.000000, 2.000000
0.562000, 5.000000, 7.000000, 2.000000
0.813000, 5.000000, 7.000000, 2.000000
0.476000, 5.000000, 7.000000, 2.000000
0.532000, 5.000000, 7.000000, 2.000000
0.741000, 5.000000, 7.000000, 2.000000
0.509000, 5.000000, 7.000000, 2.000000
0.555000, 5.000000, 7.000000, 2.000000
0.780000, 5.000000, 7.000000, 2.000000
2.039000, 8.000000, 10.000000, 5.000000
2.102000, 8.000000, 10.000000, 5.000000
3.005000, 8.000000, 10.000000, 5.000000
2.058000, 8.000000, 10.000000, 5.000000
2.091000, 8.000000, 10.000000, 5.000000
2.928000, 8.000000, 10.000000, 5.000000
2.092000, 8.000000, 10.000000, 5.000000
2.067000, 8.000000, 10.000000, 5.000000
3.010000, 8.000000, 10.000000, 5.000000
2.026000, 8.000000, 10.000000, 5.000000
2.147000, 8.000000, 10.000000, 5.000000
2.996000, 8.000000, 10.000000, 5.000000
2.111000, 8.000000, 10.000000, 5.000000
2.902000, 8.000000, 10.000000, 5.000000
2.034000, 8.000000, 10.000000, 5.000000
2.079000, 8.000000, 10.000000, 5.000000
2.858000, 8.000000, 10.000000, 5.000000
2.060000, 8.000000, 10.000000, 5.000000
2.078000, 8.000000, 10.000000, 5.000000
2.292000, 8.000000, 10.000000, 5.000000
3.105000, 8.000000, 10.000000, 5.000000
2.028000, 8.000000, 10.000000, 5.000000
2.098000, 8.000000, 10.000000, 5.000000
3.042000, 8.000000, 10.000000, 5.000000
2.034000, 8.000000, 10.000000, 5.000000
2.112000, 8.000000, 10.000000, 5.000000
2.800000, 8.000000, 10.000000, 5.000000
2.037000, 8.000000, 10.000000, 5.000000
2.062000, 8.000000, 10.000000, 5.000000
2.866000, 8.000000, 10.000000, 5.000000
2.059000, 8.000000, 10.000000, 5.000000
2.061000, 8.000000, 10.000000, 5.000000
2.920000, 8.000000, 10.000000, 5.000000
2.041000, 8.000000, 10.000000, 5.000000
2.073000, 8.000000, 10.000000, 5.000000
2.959000, 8.000000, 10.000000, 5.000000
2.066000, 8.000000, 10.000000, 5.000000
2.063000, 8.000000, 10.000000, 5.000000
2.905000, 8.000000, 10.000000, 5.000000
2.028000, 8.000000, 10.000000, 5.000000
2.058000, 8.000000, 10.000000, 5.000000
2.989000, 8.000000, 10.000000, 5.000000
1.629000, 6.000000, 8.000000, 8.000000
1.675000, 6.000000, 8.000000, 8.000000
2.372000, 6.000000, 8.000000, 8.000000
1.627000, 6.000000, 8.000000, 8.000000
1.665000, 6.000000, 8.000000, 8.000000
2.568000, 6.000000, 8.000000, 8.000000
1.639000, 6.000000, 8.000000, 8.000000
1.684000, 6.000000, 8.000000, 8.000000
2.432000, 6.000000, 8.000000, 8.000000
1.659000, 6.000000, 8.000000, 8.000000
2.617000, 6.000000, 8.000000, 8.000000
2.096000, 6.000000, 8.000000, 8.000000
2.645000, 6.000000, 8.000000, 8.000000
2.291000, 6.000000, 8.000000, 8.000000
2.590000, 6.000000, 8.000000, 8.000000
8.075000, 6.000000, 8.000000, 8.000000
2.076000, 6.000000, 8.000000, 8.000000
1.842000, 6.000000, 8.000000, 8.000000
2.526000, 6.000000, 8.000000, 8.000000
2.011000, 6.000000, 8.000000, 8.000000
2.423000, 6.000000, 8.000000, 8.000000
1.651000, 6.000000, 8.000000, 8.000000
1.744000, 6.000000, 8.000000, 8.000000
2.338000, 6.000000, 8.000000, 8.000000
1.672000, 6.000000, 8.000000, 8.000000
1.669000, 6.000000, 8.000000, 8.000000
2.845000, 6.000000, 8.000000, 8.000000
1.731000, 6.000000, 8.000000, 8.000000
2.267000, 6.000000, 8.000000, 8.000000
1.654000, 6.000000, 8.000000, 8.000000
1.739000, 6.000000, 8.000000, 8.000000
2.585000, 6.000000, 8.000000, 8.000000
1.710000, 6.000000, 8.000000, 8.000000
1.763000, 6.000000, 8.000000, 8.000000
2.461000, 6.000000, 8.000000, 8.000000
1.681000, 6.000000, 8.000000, 8.000000
1.756000, 6.000000, 8.000000, 8.000000
2.449000, 6.000000, 8.000000, 8.000000
1.644000, 6.000000, 8.000000, 8.000000
2.466000, 6.000000, 8.000000, 8.000000
1.680000, 6.000000, 8.000000, 8.000000
1.866000, 5.000000, 10.000000, 3.000000
2.054000, 6.000000, 8.000000, 8.000000
2.002000, 5.000000, 10.000000, 3.000000
1.352000, 5.000000, 10.000000, 3.000000
1.569000, 5.000000, 10.000000, 3.000000
1.298000, 5.000000, 10.000000, 3.000000
2.725000, 5.000000, 10.000000, 3.000000
1.386000, 5.000000, 10.000000, 3.000000
2.134000, 5.000000, 10.000000, 3.000000
1.318000, 5.000000, 10.000000, 3.000000
1.829000, 5.000000, 10.000000, 3.000000
1.402000, 5.000000, 10.000000, 3.000000
1.981000, 5.000000, 10.000000, 3.000000
1.385000, 5.000000, 10.000000, 3.000000
1.273000, 5.000000, 10.000000, 3.000000
1.246000, 5.000000, 10.000000, 3.000000
1.942000, 5.000000, 10.000000, 3.000000
1.326000, 5.000000, 10.000000, 3.000000
1.370000, 5.000000, 10.000000, 3.000000
1.644000, 5.000000, 10.000000, 3.000000
1.717000, 5.000000, 10.000000, 3.000000
1.654000, 5.000000, 10.000000, 3.000000
1.672000, 5.000000, 10.000000, 3.000000
1.379000, 5.000000, 10.000000, 3.000000
1.848000, 5.000000, 10.000000, 3.000000
1.283000, 5.000000, 10.000000, 3.000000
1.391000, 5.000000, 10.000000, 3.000000
1.927000, 5.000000, 10.000000, 3.000000
1.671000, 5.000000, 10.000000, 3.000000
1.388000, 5.000000, 10.000000, 3.000000
1.627000, 5.000000, 10.000000, 3.000000
1.487000, 5.000000, 10.000000, 3.000000
1.626000, 5.000000, 10.000000, 3.000000
1.345000, 5.000000, 10.000000, 3.000000
2.669000, 2.000000, 8.000000, 9.000000
1.373000, 5.000000, 10.000000, 3.000000
2.108000, 2.000000, 8.000000, 9.000000
1.383000, 5.000000, 10.000000, 3.000000
2.529000, 2.000000, 8.000000, 9.000000
1.329000, 5.000000, 10.000000, 3.000000
2.625000, 2.000000, 8.000000, 9.000000
1.353000, 5.000000, 10.000000, 3.000000
2.606000, 2.000000, 8.000000, 9.000000
1.563000, 5.000000, 10.000000, 3.000000
3.374000, 2.000000, 8.000000, 9.000000
1.380000, 5.000000, 10.000000, 3.000000
1.445000, 5.000000, 10.000000, 3.000000
1.383000, 5.000000, 10.000000, 3.000000
1.317000, 5.000000, 10.000000, 3.000000
1.771000, 2.000000, 8.000000, 9.000000
1.765000, 2.000000, 8.000000, 9.000000
1.864000, 2.000000, 8.000000, 9.000000
1.880000, 2.000000, 8.000000, 9.000000
1.848000, 2.000000, 8.000000, 9.000000
1.708000, 2.000000, 8.000000, 9.000000
1.712000, 2.000000, 8.000000, 9.000000
1.773000, 2.000000, 8.000000, 9.000000
1.691000, 2.000000, 8.000000, 9.000000
1.845000, 2.000000, 8.000000, 9.000000
1.771000, 2.000000, 8.000000, 9.000000
1.782000, 2.000000, 8.000000, 9.000000
1.773000, 2.000000, 8.000000, 9.000000
1.786000, 2.000000, 8.000000, 9.000000
1.825000, 2.000000, 8.000000, 9.000000
1.801000, 2.000000, 8.000000, 9.000000
1.789000, 2.000000, 8.000000, 9.000000
1.793000, 2.000000, 8.000000, 9.000000
1.782000, 2.000000, 8.000000, 9.000000
2.515000, 2.000000, 8.000000, 9.000000
1.788000, 2.000000, 8.000000, 9.000000
2.425000, 2.000000, 8.000000, 9.000000
1.783000, 2.000000, 8.000000, 9.000000
2.576000, 2.000000, 8.000000, 9.000000
1.814000, 2.000000, 8.000000, 9.000000
2.500000, 2.000000, 8.000000, 9.000000
1.761000, 2.000000, 8.000000, 9.000000
2.568000, 2.000000, 8.000000, 9.000000
1.768000, 2.000000, 8.000000, 9.000000
2.505000, 2.000000, 8.000000, 9.000000
1.791000, 2.000000, 8.000000, 9.000000
2.602000, 2.000000, 8.000000, 9.000000
1.833000, 2.000000, 8.000000, 9.000000
2.475000, 2.000000, 8.000000, 9.000000
1.848000, 2.000000, 8.000000, 9.000000
2.618000, 2.000000, 8.000000, 9.000000
0.443000, 3.000000, 5.000000, 5.000000
0.452000, 3.000000, 5.000000, 5.000000
0.516000, 3.000000, 5.000000, 5.000000
1.051000, 3.000000, 5.000000, 5.000000
0.753000, 3.000000, 5.000000, 5.000000
0.745000, 3.000000, 5.000000, 5.000000
0.479000, 3.000000, 5.000000, 5.000000
0.742000, 3.000000, 5.000000, 5.000000
0.473000, 3.000000, 5.000000, 5.000000
0.624000, 3.000000, 5.000000, 5.000000
0.471000, 3.000000, 5.000000, 5.000000
0.498000, 3.000000, 5.000000, 5.000000
1.867000, 3.000000, 5.000000, 5.000000
0.519000, 3.000000, 5.000000, 5.000000
0.500000, 3.000000, 5.000000, 5.000000
0.431000, 3.000000, 5.000000, 5.000000
0.602000, 3.000000, 5.000000, 5.000000
0.577000, 3.000000, 5.000000, 5.000000
0.442000, 3.000000, 5.000000, 5.000000
0.519000, 3.000000, 5.000000, 5.000000
0.701000, 3.000000, 5.000000, 5.000000
0.479000, 3.000000, 5.000000, 5.000000
0.741000, 3.000000, 5.000000, 5.000000
0.538000, 3.000000, 5.000000, 5.000000
0.657000, 3.000000, 5.000000, 5.000000
0.526000, 3.000000, 5.000000, 5.000000
0.625000, 3.000000, 5.000000, 5.000000
0.505000, 3.000000, 5.000000, 5.000000
0.795000, 3.000000, 5.000000, 5.000000
0.444000, 3.000000, 5.000000, 5.000000
0.453000, 3.000000, 5.000000, 5.000000
0.488000, 3.000000, 5.000000, 5.000000
0.674000, 3.000000, 5.000000, 5.000000
0.430000, 3.000000, 5.000000, 5.000000
1.041000, 3.000000, 5.000000, 5.000000
0.637000, 3.000000, 5.000000, 5.000000
0.408000, 3.000000, 5.000000, 5.000000
0.467000, 3.000000, 5.000000, 5.000000
0.692000, 3.000000, 5.000000, 5.000000
0.555000, 3.000000, 5.000000, 5.000000
0.694000, 3.000000, 5.000000, 5.000000
0.460000, 3.000000, 5.000000, 5.000000
0.819000, 8.000000, 5.000000, 9.000000
0.854000, 8.000000, 5.000000, 9.000000
0.795000, 8.000000, 5.000000, 9.000000
1.014000, 8.000000, 5.000000, 9.000000
0.773000, 8.000000, 5.000000, 9.000000
0.963000, 8.000000, 5.000000, 9.000000
0.700000, 8.000000, 5.000000, 9.000000
0.715000, 8.000000, 5.000000, 9.000000
0.993000, 8.000000, 5.000000, 9.000000
0.679000, 8.000000, 5.000000, 9.000000
0.815000, 8.000000, 5.000000, 9.000000
1.104000, 8.000000, 5.000000, 9.000000
0.739000, 8.000000, 5.000000, 9.000000
1.126000, 8.000000, 5.000000, 9.000000
1.082000, 8.000000, 5.000000, 9.000000
0.729000, 8.000000, 5.000000, 9.000000
0.852000, 8.000000, 5.000000, 9.000000
1.015000, 8.000000, 5.000000, 9.000000
0.673000, 8.000000, 5.000000, 9.000000
0.745000, 8.000000, 5.000000, 9.000000
0.959000, 8.000000, 5.000000, 9.000000
0.722000, 8.000000, 5.000000, 9.000000
0.732000, 8.000000, 5.000000, 9.000000
1.037000, 8.000000, 5.000000, 9.000000
0.839000, 8.000000, 5.000000, 9.000000
1.040000, 8.000000, 5.000000, 9.000000
0.740000, 8.000000, 5.000000, 9.000000
0.748000, 8.000000, 5.000000, 9.000000
0.801000, 8.000000, 5.000000, 9.000000
0.980000, 8.000000, 5.000000, 9.000000
0.696000, 8.000000, 5.000000, 9.000000
0.739000, 8.000000, 5.000000, 9.000000
0.736000, 8.000000, 5.000000, 9.000000
1.078000, 8.000000, 5.000000, 9.000000
0.752000, 8.000000, 5.000000, 9.000000
1.116000, 8.000000, 5.000000, 9.000000
0.711000, 8.000000, 5.000000, 9.000000
0.789000, 8.000000, 5.000000, 9.000000
1.081000, 8.000000, 5.000000, 9.000000
0.688000, 8.000000, 5.000000, 9.000000
0.743000, 8.000000, 5.000000, 9.000000
0.913000, 8.000000, 5.000000, 9.000000
0.446000, 2.000000, 4.000000, 8.000000
0.669000, 2.000000, 4.000000, 8.000000
0.419000, 2.000000, 4.000000, 8.000000
0.697000, 2.000000, 4.000000, 8.000000
0.395000, 2.000000, 4.000000, 8.000000
0.713000, 2.000000, 4.000000, 8.000000
0.869000, 2.000000, 4.000000, 8.000000
0.476000, 2.000000, 4.000000, 8.000000
0.544000, 2.000000, 4.000000, 8.000000
0.577000, 2.000000, 4.000000, 8.000000
0.434000, 2.000000, 4.000000, 8.000000
0.498000, 2.000000, 4.000000, 8.000000
0.579000, 2.000000, 4.000000, 8.000000
0.383000, 2.000000, 4.000000, 8.000000
0.462000, 2.000000, 4.000000, 8.000000
0.388000, 2.000000, 4.000000, 8.000000
0.582000, 2.000000, 4.000000, 8.000000
0.373000, 2.000000, 4.000000, 8.000000
0.463000, 2.000000, 4.000000, 8.000000
0.564000, 2.000000, 4.000000, 8.000000
0.431000, 2.000000, 4.000000, 8.000000
0.447000, 2.000000, 4.000000, 8.000000
0.681000, 2.000000, 4.000000, 8.000000
0.390000, 2.000000, 4.000000, 8.000000
0.423000, 2.000000, 4.000000, 8.000000
0.696000, 2.000000, 4.000000, 8.000000
0.712000, 2.000000, 4.000000, 8.000000
0.421000, 2.000000, 4.000000, 8.000000
0.574000, 2.000000, 4.000000, 8.000000
0.596000, 2.000000, 4.000000, 8.000000
0.715000, 2.000000, 4.000000, 8.000000
0.565000, 2.000000, 4.000000, 8.000000
0.441000, 2.000000, 4.000000, 8.000000
0.562000, 2.000000, 4.000000, 8.000000
0.376000, 2.000000, 4.000000, 8.000000
0.400000, 2.000000, 4.000000, 8.000000
0.574000, 2.000000, 4.000000, 8.000000
0.433000, 2.000000, 4.000000, 8.000000
0.423000, 2.000000, 4.000000, 8.000000
0.697000, 2.000000, 4.000000, 8.000000
0.413000, 2.000000, 4.000000, 8.000000
0.371000, 2.000000, 4.000000, 8.000000
1.093000, 2.000000, 7.000000, 8.000000
1.085000, 2.000000, 7.000000, 8.000000
1.099000, 2.000000, 7.000000, 8.000000
1.746000, 2.000000, 7.000000, 8.000000
1.086000, 2.000000, 7.000000, 8.000000
1.123000, 2.000000, 7.000000, 8.000000
1.677000, 2.000000, 7.000000, 8.000000
1.089000, 2.000000, 7.000000, 8.000000
1.081000, 2.000000, 7.000000, 8.000000
1.078000, 2.000000, 7.000000, 8.000000
1.142000, 2.000000, 7.000000, 8.000000
1.621000, 2.000000, 7.000000, 8.000000
1.155000, 2.000000, 7.000000, 8.000000
1.696000, 2.000000, 7.000000, 8.000000
1.106000, 2.000000, 7.000000, 8.000000
1.415000, 2.000000, 7.000000, 8.000000
1.617000, 2.000000, 7.000000, 8.000000
1.512000, 2.000000, 7.000000, 8.000000
1.485000, 2.000000, 7.000000, 8.000000
1.483000, 2.000000, 7.000000, 8.000000
1.614000, 2.000000, 7.000000, 8.000000
1.354000, 2.000000, 7.000000, 8.000000
1.726000, 2.000000, 7.000000, 8.000000
1.400000, 2.000000, 7.000000, 8.000000
1.220000, 2.000000, 7.000000, 8.000000
1.757000, 2.000000, 7.000000, 8.000000
1.251000, 2.000000, 7.000000, 8.000000
1.289000, 2.000000, 7.000000, 8.000000
1.612000, 2.000000, 7.000000, 8.000000
1.190000, 2.000000, 7.000000, 8.000000
1.480000, 2.000000, 7.000000, 8.000000
1.597000, 2.000000, 7.000000, 8.000000
1.380000, 2.000000, 7.000000, 8.000000
1.567000, 2.000000, 7.000000, 8.000000
1.693000, 2.000000, 7.000000, 8.000000
1.563000, 2.000000, 7.000000, 8.000000
1.742000, 2.000000, 7.000000, 8.000000
1.662000, 2.000000, 7.000000, 8.000000
1.201000, 2.000000, 7.000000, 8.000000
1.433000, 2.000000, 7.000000, 8.000000
1.669000, 2.000000, 7.000000, 8.000000
1.411000, 2.000000, 7.000000, 8.000000
0.420000, 7.000000, 2.000000, 9.000000
0.436000, 7.000000, 2.000000, 9.000000
0.345000, 7.000000, 2.000000, 9.000000
0.546000, 7.000000, 2.000000, 9.000000
0.436000, 7.000000, 2.000000, 9.000000
0.462000, 7.000000, 2.000000, 9.000000
0.369000, 7.000000, 2.000000, 9.000000
0.442000, 7.000000, 2.000000, 9.000000
0.334000, 7.000000, 2.000000, 9.000000
0.450000, 7.000000, 2.000000, 9.000000
0.425000, 7.000000, 2.000000, 9.000000
0.463000, 7.000000, 2.000000, 9.000000
0.456000, 7.000000, 2.000000, 9.000000
0.494000, 7.000000, 2.000000, 9.000000
0.535000, 7.000000, 2.000000, 9.000000
0.406000, 7.000000, 2.000000, 9.000000
0.450000, 7.000000, 2.000000, 9.000000
0.458000, 7.000000, 2.000000, 9.000000
0.703000, 7.000000, 2.000000, 9.000000
0.453000, 7.000000, 2.000000, 9.000000
0.521000, 7.000000, 2.000000, 9.000000
0.568000, 7.000000, 2.000000, 9.000000
0.395000, 7.000000, 2.000000, 9.000000
0.511000, 7.000000, 2.000000, 9.000000
0.467000, 7.000000, 2.000000, 9.000000
0.493000, 7.000000, 2.000000, 9.000000
0.377000, 7.000000, 2.000000, 9.000000
0.427000, 7.000000, 2.000000, 9.000000
0.534000, 7.000000, 2.000000, 9.000000
0.409000, 7.000000, 2.000000, 9.000000
0.385000, 7.000000, 2.000000, 9.000000
0.511000, 7.000000, 2.000000, 9.000000
0.444000, 7.000000, 2.000000, 9.000000
0.491000, 7.000000, 2.000000, 9.000000
0.407000, 7.000000, 2.000000, 9.000000
0.360000, 7.000000, 2.000000, 9.000000
0.444000, 7.000000, 2.000000, 9.000000
0.501000, 7.000000, 2.000000, 9.000000
0.403000, 7.000000, 2.000000, 9.000000
0.428000, 7.000000, 2.000000, 9.000000
0.419000, 7.000000, 2.000000, 9.000000
0.342000, 7.000000, 2.000000, 9.000000
0.955000, 7.000000, 8.000000, 2.000000
1.092000, 7.000000, 8.000000, 2.000000
0.838000, 7.000000, 8.000000, 2.000000
0.957000, 7.000000, 8.000000, 2.000000
0.964000, 7.000000, 8.000000, 2.000000
1.008000, 7.000000, 8.000000, 2.000000
1.092000, 7.000000, 8.000000, 2.000000
0.967000, 7.000000, 8.000000, 2.000000
1.118000, 7.000000, 8.000000, 2.000000
1.030000, 7.000000, 8.000000, 2.000000
1.059000, 7.000000, 8.000000, 2.000000
1.173000, 7.000000, 8.000000, 2.000000
0.964000, 7.000000, 8.000000, 2.000000
1.232000, 7.000000, 8.000000, 2.000000
1.165000, 7.000000, 8.000000, 2.000000
1.073000, 7.000000, 8.000000, 2.000000
1.187000, 7.000000, 8.000000, 2.000000
1.045000, 7.000000, 8.000000, 2.000000
1.104000, 7.000000, 8.000000, 2.000000
1.196000, 7.000000, 8.000000, 2.000000
0.996000, 7.000000, 8.000000, 2.000000
1.128000, 7.000000, 8.000000, 2.000000
1.018000, 7.000000, 8.000000, 2.000000
1.007000, 7.000000, 8.000000, 2.000000
1.048000, 7.000000, 8.000000, 2.000000
0.911000, 7.000000, 8.000000, 2.000000
0.966000, 7.000000, 8.000000, 2.000000
1.066000, 7.000000, 8.000000, 2.000000
0.961000, 7.000000, 8.000000, 2.000000
1.014000, 7.000000, 8.000000, 2.000000
1.030000, 7.000000, 8.000000, 2.000000
1.008000, 7.000000, 8.000000, 2.000000
0.953000, 7.000000, 8.000000, 2.000000
0.885000, 7.000000, 8.000000, 2.000000
1.052000, 7.000000, 8.000000, 2.000000
1.050000, 7.000000, 8.000000, 2.000000
0.986000, 7.000000, 8.000000, 2.000000
0.988000, 7.000000, 8.000000, 2.000000
1.309000, 7.000000, 8.000000, 2.000000
1.384000, 7.000000, 8.000000, 2.000000
1.036000, 7.000000, 8.000000, 2.000000
1.032000, 7.000000, 8.000000, 2.000000
1.398000, 3.000000, 7.000000, 6.000000
1.322000, 3.000000, 7.000000, 6.000000
1.450000, 3.000000, 7.000000, 6.000000
1.361000, 3.000000, 7.000000, 6.000000
1.249000, 3.000000, 7.000000, 6.000000
1.399000, 3.000000, 7.000000, 6.000000
1.049000, 3.000000, 7.000000, 6.000000
1.308000, 3.000000, 7.000000, 6.000000
1.408000, 3.000000, 7.000000, 6.000000
1.226000, 3.000000, 7.000000, 6.000000
1.345000, 3.000000, 7.000000, 6.000000
1.387000, 3.000000, 7.000000, 6.000000
1.372000, 3.000000, 7.000000, 6.000000
1.408000, 3.000000, 7.000000, 6.000000
1.351000, 3.000000, 7.000000, 6.000000
1.330000, 3.000000, 7.000000, 6.000000
1.350000, 3.000000, 7.000000, 6.000000
1.221000, 3.000000, 7.000000, 6.000000
1.314000, 3.000000, 7.000000, 6.000000
1.285000, 3.000000, 7.000000, 6.000000
1.418000, 3.000000, 7.000000, 6.000000
1.576000, 3.000000, 7.000000, 6.000000
1.321000, 3.000000, 7.000000, 6.000000
1.422000, 3.000000, 7.000000, 6.000000
1.424000, 3.000000, 7.000000, 6.000000
1.245000, 3.000000, 7.000000, 6.000000
1.409000, 3.000000, 7.000000, 6.000000
1.401000, 3.000000, 7.000000, 6.000000
1.299000, 3.000000, 7.000000, 6.000000
1.473000, 3.000000, 7.000000, 6.000000
1.409000, 3.000000, 7.000000, 6.000000
1.212000, 3.000000, 7.000000, 6.000000
1.338000, 3.000000, 7.000000, 6.000000
1.372000, 3.000000, 7.000000, 6.000000
1.149000, 3.000000, 7.000000, 6.000000
1.430000, 3.000000, 7.000000, 6.000000
1.233000, 3.000000, 7.000000, 6.000000
1.377000, 3.000000, 7.000000, 6.000000
1.357000, 3.000000, 7.000000, 6.000000
1.348000, 3.000000, 7.000000, 6.000000
0.955000, 3.000000, 7.000000, 6.000000
1.098000, 3.000000, 7.000000, 6.000000
0.465000, 7.000000, 4.000000, 1.000000
0.386000, 7.000000, 4.000000, 1.000000
0.549000, 7.000000, 4.000000, 1.000000
0.466000, 7.000000, 4.000000, 1.000000
0.451000, 7.000000, 4.000000, 1.000000
0.455000, 7.000000, 4.000000, 1.000000
0.467000, 7.000000, 4.000000, 1.000000
0.533000, 7.000000, 4.000000, 1.000000
0.480000, 7.000000, 4.000000, 1.000000
0.449000, 7.000000, 4.000000, 1.000000
0.490000, 7.000000, 4.000000, 1.000000
0.468000, 7.000000, 4.000000, 1.000000
0.446000, 7.000000, 4.000000, 1.000000
0.514000, 7.000000, 4.000000, 1.000000
0.488000, 7.000000, 4.000000, 1.000000
0.464000, 7.000000, 4.000000, 1.000000
0.497000, 7.000000, 4.000000, 1.000000
0.480000, 7.000000, 4.000000, 1.000000
0.447000, 7.000000, 4.000000, 1.000000
0.521000, 7.000000, 4.000000, 1.000000
0.464000, 7.000000, 4.000000, 1.000000
0.496000, 7.000000, 4.000000, 1.000000
0.483000, 7.000000, 4.000000, 1.000000
0.429000, 7.000000, 4.000000, 1.000000
0.446000, 7.000000, 4.000000, 1.000000
0.449000, 7.000000, 4.000000, 1.000000
0.475000, 7.000000, 4.000000, 1.000000
0.470000, 7.000000, 4.000000, 1.000000
0.466000, 7.000000, 4.000000, 1.000000
0.436000, 7.000000, 4.000000, 1.000000
0.560000, 7.000000, 4.000000, 1.000000
0.428000, 7.000000, 4.000000, 1.000000
0.457000, 7.000000, 4.000000, 1.000000
0.443000, 7.000000, 4.000000, 1.000000
0.423000, 7.000000, 4.000000, 1.000000
0.453000, 7.000000, 4.000000, 1.000000
0.499000, 7.000000, 4.000000, 1.000000
0.491000, 7.000000, 4.000000, 1.000000
0.413000, 7.000000, 4.000000, 1.000000
0.433000, 7.000000, 4.000000, 1.000000
0.440000, 7.000000, 4.000000, 1.000000
0.447000, 7.000000, 4.000000, 1.000000
1.178000, 3.000000, 5.000000, 9.000000
1.125000, 3.000000, 5.000000, 9.000000
1.165000, 3.000000, 5.000000, 9.000000
1.082000, 3.000000, 5.000000, 9.000000
0.954000, 3.000000, 5.000000, 9.000000
0.876000, 3.000000, 5.000000, 9.000000
0.923000, 3.000000, 5.000000, 9.000000
1.087000, 3.000000, 5.000000, 9.000000
1.120000, 3.000000, 5.000000, 9.000000
1.068000, 3.000000, 5.000000, 9.000000
0.697000, 3.000000, 5.000000, 9.000000
1.114000, 3.000000, 5.000000, 9.000000
0.809000, 3.000000, 5.000000, 9.000000
1.085000, 3.000000, 5.000000, 9.000000
0.685000, 3.000000, 5.000000, 9.000000
0.814000, 3.000000, 5.000000, 9.000000
1.071000, 3.000000, 5.000000, 9.000000
0.717000, 3.000000, 5.000000, 9.000000
0.669000, 3.000000, 5.000000, 9.000000
0.720000, 3.000000, 5.000000, 9.000000
1.067000, 3.000000, 5.000000, 9.000000
1.208000, 3.000000, 5.000000, 9.000000
1.135000, 3.000000, 5.000000, 9.000000
1.076000, 3.000000, 5.000000, 9.000000
0.897000, 3.000000, 5.000000, 9.000000
1.085000, 3.000000, 5.000000, 9.000000
0.884000, 3.000000, 5.000000, 9.000000
1.121000, 3.000000, 5.000000, 9.000000
1.141000, 3.000000, 5.000000, 9.000000
1.092000, 3.000000, 5.000000, 9.000000
0.866000, 3.000000, 5.000000, 9.000000
0.746000, 3.000000, 5.000000, 9.000000
1.057000, 3.000000, 5.000000, 9.000000
1.127000, 3.000000, 5.000000, 9.000000
1.072000, 3.000000, 5.000000, 9.000000
0.816000, 3.000000, 5.000000, 9.000000
1.061000, 3.000000, 5.000000, 9.000000
1.050000, 3.000000, 5.000000, 9.000000
1.076000, 3.000000, 5.000000, 9.000000
1.100000, 3.000000, 5.000000, 9.000000
0.934000, 3.000000, 5.000000, 9.000000
0.914000, 3.000000, 5.000000, 9.000000
0.459000, 3.000000, 5.000000, 2.000000
0.520000, 3.000000, 5.000000, 2.000000
0.487000, 3.000000, 5.000000, 2.000000
0.495000, 3.000000, 5.000000, 2.000000
0.482000, 3.000000, 5.000000, 2.000000
0.503000, 3.000000, 5.000000, 2.000000
0.488000, 3.000000, 5.000000, 2.000000
0.562000, 3.000000, 5.000000, 2.000000
0.503000, 3.000000, 5.000000, 2.000000
0.496000, 3.000000, 5.000000, 2.000000
0.570000, 3.000000, 5.000000, 2.000000
0.502000, 3.000000, 5.000000, 2.000000
0.488000, 3.000000, 5.000000, 2.000000
0.608000, 3.000000, 5.000000, 2.000000
0.471000, 3.000000, 5.000000, 2.000000
0.602000, 3.000000, 5.000000, 2.000000
0.542000, 3.000000, 5.000000, 2.000000
0.484000, 3.000000, 5.000000, 2.000000
0.417000, 3.000000, 5.000000, 2.000000
0.506000, 3.000000, 5.000000, 2.000000
0.465000, 3.000000, 5.000000, 2.000000
0.591000, 3.000000, 5.000000, 2.000000
0.561000, 3.000000, 5.000000, 2.000000
0.515000, 3.000000, 5.000000, 2.000000
0.479000, 3.000000, 5.000000, 2.000000
0.505000, 3.000000, 5.000000, 2.000000
0.469000, 3.000000, 5.000000, 2.000000
0.347000, 3.000000, 5.000000, 2.000000
0.581000, 3.000000, 5.000000, 2.000000
0.457000, 3.000000, 5.000000, 2.000000
0.466000, 3.000000, 5.000000, 2.000000
0.542000, 3.000000, 5.000000, 2.000000
0.487000, 3.000000, 5.000000, 2.000000
0.366000, 3.000000, 5.000000, 2.000000
0.436000, 3.000000, 5.000000, 2.000000
0.482000, 3.000000, 5.000000, 2.000000
0.329000, 3.000000, 5.000000, 2.000000
0.441000, 3.000000, 5.000000, 2.000000
0.453000, 3.000000, 5.000000, 2.000000
0.410000, 3.000000, 5.000000, 2.000000
0.448000, 3.000000, 5.000000, 2.000000
0.442000, 3.000000, 5.000000, 2.000000
1.679000, 9.000000, 7.000000, 10.000000
2.330000, 9.000000, 7.000000, 10.000000
1.743000, 9.000000, 7.000000, 10.000000
1.731000, 9.000000, 7.000000, 10.000000
2.290000, 9.000000, 7.000000, 10.000000
1.796000, 9.000000, 7.000000, 10.000000
1.707000, 9.000000, 7.000000, 10.000000
2.153000, 9.000000, 7.000000, 10.000000
1.701000, 9.000000, 7.000000, 10.000000
2.221000, 9.000000, 7.000000, 10.000000
2.096000, 9.000000, 7.000000, 10.000000
2.336000, 9.000000, 7.000000, 10.000000
2.146000, 9.000000, 7.000000, 10.000000
1.731000, 9.000000, 7.000000, 10.000000
2.210000, 9.000000, 7.000000, 10.000000
1.650000, 9.000000, 7.000000, 10.000000
2.422000, 9.000000, 7.000000, 10.000000
1.920000, 9.000000, 7.000000, 10.000000
2.336000, 9.000000, 7.000000, 10.000000
2.095000, 9.000000, 7.000000, 10.000000
2.173000, 9.000000, 7.000000, 10.000000
2.138000, 9.000000, 7.000000, 10.000000
2.020000, 9.000000, 7.000000, 10.000000
1.945000, 9.000000, 7.000000, 10.000000
2.239000, 9.000000, 7.000000, 10.000000
1.865000, 9.000000, 7.000000, 10.000000
2.184000, 9.000000, 7.000000, 10.000000
2.116000, 9.000000, 7.000000, 10.000000
2.211000, 9.000000, 7.000000, 10.000000
1.847000, 9.000000, 7.000000, 10.000000
2.030000, 9.000000, 7.000000, 10.000000
2.346000, 9.000000, 7.000000, 10.000000
2.497000, 9.000000, 7.000000, 10.000000
2.510000, 9.000000, 7.000000, 10.000000
2.294000, 9.000000, 7.000000, 10.000000
2.353000, 9.000000, 7.000000, 10.000000
2.517000, 9.000000, 7.000000, 10.000000
2.307000, 9.000000, 7.000000, 10.000000
2.259000, 9.000000, 7.000000, 10.000000
2.089000, 9.000000, 7.000000, 10.000000
2.190000, 9.000000, 7.000000, 10.000000
1.871000, 9.000000, 7.000000, 10.000000
2.536000, 1.000000, 9.000000, 6.000000
1.880000, 1.000000, 9.000000, 6.000000
2.211000, 1.000000, 9.000000, 6.000000
1.821000, 1.000000, 9.000000, 6.000000
1.792000, 1.000000, 9.000000, 6.000000
2.414000, 1.000000, 9.000000, 6.000000
1.771000, 1.000000, 9.000000, 6.000000
1.792000, 1.000000, 9.000000, 6.000000
2.404000, 1.000000, 9.000000, 6.000000
1.795000, 1.000000, 9.000000, 6.000000
2.383000, 1.000000, 9.000000, 6.000000
1.917000, 1.000000, 9.000000, 6.000000
2.274000, 1.000000, 9.000000, 6.000000
2.344000, 1.000000, 9.000000, 6.000000
1.592000, 1.000000, 9.000000, 6.000000
1.628000, 1.000000, 9.000000, 6.000000
2.399000, 1.000000, 9.000000, 6.000000
1.657000, 1.000000, 9.000000, 6.000000
2.356000, 1.000000, 9.000000, 6.000000
1.657000, 1.000000, 9.000000, 6.000000
2.552000, 1.000000, 9.000000, 6.000000
1.636000, 1.000000, 9.000000, 6.000000
2.389000, 1.000000, 9.000000, 6.000000
1.618000, 1.000000, 9.000000, 6.000000
1.653000, 1.000000, 9.000000, 6.000000
2.476000, 1.000000, 9.000000, 6.000000
1.598000, 1.000000, 9.000000, 6.000000
1.647000, 1.000000, 9.000000, 6.000000
2.460000, 1.000000, 9.000000, 6.000000
1.593000, 1.000000, 9.000000, 6.000000
1.650000, 1.000000, 9.000000, 6.000000
2.284000, 1.000000, 9.000000, 6.000000
1.642000, 1.000000, 9.000000, 6.000000
1.621000, 1.000000, 9.000000, 6.000000
2.441000, 1.000000, 9.000000, 6.000000
1.637000, 1.000000, 9.000000, 6.000000
2.473000, 1.000000, 9.000000, 6.000000
1.602000, 1.000000, 9.000000, 6.000000
1.646000, 1.000000, 9.000000, 6.000000
2.284000, 1.000000, 9.000000, 6.000000
1.614000, 1.000000, 9.000000, 6.000000
1.620000, 1.000000, 9.000000, 6.000000
0.241000, 6.000000, 1.000000, 6.000000
0.372000, 6.000000, 1.000000, 6.000000
0.202000, 6.000000, 1.000000, 6.000000
0.222000, 6.000000, 1.000000, 6.000000
0.341000, 6.000000, 1.000000, 6.000000
0.170000, 6.000000, 1.000000, 6.000000
0.227000, 6.000000, 1.000000, 6.000000
0.338000, 6.000000, 1.000000, 6.000000
0.179000, 6.000000, 1.000000, 6.000000
0.227000, 6.000000, 1.000000, 6.000000
0.399000, 6.000000, 1.000000, 6.000000
0.189000, 6.000000, 1.000000, 6.000000
0.196000, 6.000000, 1.000000, 6.000000
0.191000, 6.000000, 1.000000, 6.000000
0.213000, 6.000000, 1.000000, 6.000000
0.282000, 6.000000, 1.000000, 6.000000
0.362000, 6.000000, 1.000000, 6.000000
0.350000, 6.000000, 1.000000, 6.000000
0.171000, 6.000000, 1.000000, 6.000000
0.234000, 6.000000, 1.000000, 6.000000
0.340000, 6.000000, 1.000000, 6.000000
0.209000, 6.000000, 1.000000, 6.000000
0.226000, 6.000000, 1.000000, 6.000000
0.340000, 6.000000, 1.000000, 6.000000
0.241000, 6.000000, 1.000000, 6.000000
0.313000, 6.000000, 1.000000, 6.000000
0.202000, 6.000000, 1.000000, 6.000000
0.235000, 6.000000, 1.000000, 6.000000
0.472000, 6.000000, 1.000000, 6.000000
0.170000, 6.000000, 1.000000, 6.000000
0.228000, 6.000000, 1.000000, 6.000000
0.357000, 6.000000, 1.000000, 6.000000
0.189000, 6.000000, 1.000000, 6.000000
0.189000, 6.000000, 1.000000, 6.000000
0.211000, 6.000000, 1.000000, 6.000000
0.189000, 6.000000, 1.000000, 6.000000
0.224000, 6.000000, 1.000000, 6.000000
0.321000, 6.000000, 1.000000, 6.000000
0.185000, 6.000000, 1.000000, 6.000000
0.226000, 6.000000, 1.000000, 6.000000
0.347000, 6.000000, 1.000000, 6.000000
0.217000, 6.000000, 1.000000, 6.000000
4.750000, 6.000000, 10.000000, 9.000000
3.281000, 6.000000, 10.000000, 9.000000
5.009000, 6.000000, 10.000000, 9.000000
3.320000, 6.000000, 10.000000, 9.000000
3.246000, 6.000000, 10.000000, 9.000000
5.181000, 6.000000, 10.000000, 9.000000
3.264000, 6.000000, 10.000000, 9.000000
4.548000, 6.000000, 10.000000, 9.000000
3.266000, 6.000000, 10.000000, 9.000000
4.732000, 6.000000, 10.000000, 9.000000
3.270000, 6.000000, 10.000000, 9.000000
5.188000, 6.000000, 10.000000, 9.000000
3.290000, 6.000000, 10.000000, 9.000000
4.882000, 6.000000, 10.000000, 9.000000
3.293000, 6.000000, 10.000000, 9.000000
5.173000, 6.000000, 10.000000, 9.000000
3.300000, 6.000000, 10.000000, 9.000000
3.258000, 6.000000, 10.000000, 9.000000
5.130000, 6.000000, 10.000000, 9.000000
3.247000, 6.000000, 10.000000, 9.000000
3.304000, 6.000000, 10.000000, 9.000000
4.678000, 6.000000, 10.000000, 9.000000
3.281000, 6.000000, 10.000000, 9.000000
4.766000, 6.000000, 10.000000, 9.000000
3.298000, 6.000000, 10.000000, 9.000000
3.287000, 6.000000, 10.000000, 9.000000
5.051000, 6.000000, 10.000000, 9.000000
3.280000, 6.000000, 10.000000, 9.000000
5.257000, 6.000000, 10.000000, 9.000000
3.289000, 6.000000, 10.000000, 9.000000
4.834000, 6.000000, 10.000000, 9.000000
3.299000, 6.000000, 10.000000, 9.000000
4.629000, 6.000000, 10.000000, 9.000000
3.265000, 6.000000, 10.000000, 9.000000
4.915000, 6.000000, 10.000000, 9.000000
3.256000, 6.000000, 10.000000, 9.000000
3.282000, 6.000000, 10.000000, 9.000000
5.059000, 6.000000, 10.000000, 9.000000
3.250000, 6.000000, 10.000000, 9.000000
3.281000, 6.000000, 10.000000, 9.000000
5.043000, 6.000000, 10.000000, 9.000000
3.236000, 6.000000, 10.000000, 9.000000
0.688000, 5.000000, 6.000000, 6.000000
1.074000, 5.000000, 6.000000, 6.000000
0.661000, 5.000000, 6.000000, 6.000000
0.691000, 5.000000, 6.000000, 6.000000
0.692000, 5.000000, 6.000000, 6.000000
1.025000, 5.000000, 6.000000, 6.000000
0.687000, 5.000000, 6.000000, 6.000000
0.646000, 5.000000, 6.000000, 6.000000
0.700000, 5.000000, 6.000000, 6.000000
1.062000, 5.000000, 6.000000, 6.000000
0.646000, 5.000000, 6.000000, 6.000000
0.714000, 5.000000, 6.000000, 6.000000
1.039000, 5.000000, 6.000000, 6.000000
0.692000, 5.000000, 6.000000, 6.000000
0.679000, 5.000000, 6.000000, 6.000000
0.688000, 5.000000, 6.000000, 6.000000
0.682000, 5.000000, 6.000000, 6.000000
0.706000, 5.000000, 6.000000, 6.000000
1.078000, 5.000000, 6.000000, 6.000000
0.647000, 5.000000, 6.000000, 6.000000
0.689000, 5.000000, 6.000000, 6.000000
1.067000, 5.000000, 6.000000, 6.000000
0.649000, 5.000000, 6.000000, 6.000000
0.711000, 5.000000, 6.000000, 6.000000
1.126000, 5.000000, 6.000000, 6.000000
0.682000, 5.000000, 6.000000, 6.000000
0.702000, 5.000000, 6.000000, 6.000000
1.054000, 5.000000, 6.000000, 6.000000
0.727000, 5.000000, 6.000000, 6.000000
0.973000, 5.000000, 6.000000, 6.000000
0.670000, 5.000000, 6.000000, 6.000000
0.661000, 5.000000, 6.000000, 6.000000
0.687000, 5.000000, 6.000000, 6.000000
1.057000, 5.000000, 6.000000, 6.000000
0.661000, 5.000000, 6.000000, 6.000000
0.694000, 5.000000, 6.000000, 6.000000
1.055000, 5.000000, 6.000000, 6.000000
0.674000, 5.000000, 6.000000, 6.000000
0.649000, 5.000000, 6.000000, 6.000000
0.646000, 5.000000, 6.000000, 6.000000
0.714000, 5.000000, 6.000000, 6.000000
1.044000, 5.000000, 6.000000, 6.000000
0.758000, 10.000000, 5.000000, 10.000000
0.811000, 10.000000, 5.000000, 10.000000
1.226000, 10.000000, 5.000000, 10.000000
0.750000, 10.000000, 5.000000, 10.000000
0.807000, 10.000000, 5.000000, 10.000000
1.208000, 10.000000, 5.000000, 10.000000
0.780000, 10.000000, 5.000000, 10.000000
0.805000, 10.000000, 5.000000, 10.000000
1.215000, 10.000000, 5.000000, 10.000000
0.748000, 10.000000, 5.000000, 10.000000
0.748000, 10.000000, 5.000000, 10.000000
0.795000, 10.000000, 5.000000, 10.000000
1.232000, 10.000000, 5.000000, 10.000000
0.750000, 10.000000, 5.000000, 10.000000
0.813000, 10.000000, 5.000000, 10.000000
1.232000, 10.000000, 5.000000, 10.000000
0.769000, 10.000000, 5.000000, 10.000000
0.797000, 10.000000, 5.000000, 10.000000
1.176000, 10.000000, 5.000000, 10.000000
0.766000, 10.000000, 5.000000, 10.000000
0.794000, 10.000000, 5.000000, 10.000000
1.220000, 10.000000, 5.000000, 10.000000
0.753000, 10.000000, 5.000000, 10.000000
0.764000, 10.000000, 5.000000, 10.000000
0.769000, 10.000000, 5.000000, 10.000000
0.804000, 10.000000, 5.000000, 10.000000
1.182000, 10.000000, 5.000000, 10.000000
0.770000, 10.000000, 5.000000, 10.000000
0.790000, 10.000000, 5.000000, 10.000000
0.770000, 10.000000, 5.000000, 10.000000
0.795000, 10.000000, 5.000000, 10.000000
1.129000, 10.000000, 5.000000, 10.000000
0.752000, 10.000000, 5.000000, 10.000000
0.748000, 10.000000, 5.000000, 10.000000
0.789000, 10.000000, 5.000000, 10.000000
1.198000, 10.000000, 5.000000, 10.000000
0.762000, 10.000000, 5.000000, 10.000000
0.795000, 10.000000, 5.000000, 10.000000
1.226000, 10.000000, 5.000000, 10.000000
0.803000, 10.000000, 5.000000, 10.000000
1.254000, 10.000000, 5.000000, 10.000000
0.766000, 10.000000, 5.000000, 10.000000
0.298000, 4.000000, 4.000000, 3.000000
0.455000, 4.000000, 4.000000, 3.000000
0.291000, 4.000000, 4.000000, 3.000000
0.311000, 4.000000, 4.000000, 3.000000
0.490000, 4.000000, 4.000000, 3.000000
0.314000, 4.000000, 4.000000, 3.000000
0.331000, 4.000000, 4.000000, 3.000000
0.480000, 4.000000, 4.000000, 3.000000
0.476000, 4.000000, 4.000000, 3.000000
0.432000, 4.000000, 4.000000, 3.000000
0.434000, 4.000000, 4.000000, 3.000000
0.439000, 4.000000, 4.000000, 3.000000
0.476000, 4.000000, 4.000000, 3.000000
0.509000, 4.000000, 4.000000, 3.000000
0.394000, 4.000000, 4.000000, 3.000000
0.441000, 4.000000, 4.000000, 3.000000
0.573000, 4.000000, 4.000000, 3.000000
0.445000, 4.000000, 4.000000, 3.000000
0.428000, 4.000000, 4.000000, 3.000000
0.450000, 4.000000, 4.000000, 3.000000
0.464000, 4.000000, 4.000000, 3.000000
0.487000, 4.000000, 4.000000, 3.000000
0.465000, 4.000000, 4.000000, 3.000000
0.384000, 4.000000, 4.000000, 3.000000
0.544000, 4.000000, 4.000000, 3.000000
0.470000, 4.000000, 4.000000, 3.000000
0.360000, 4.000000, 4.000000, 3.000000
0.521000, 4.000000, 4.000000, 3.000000
0.480000, 4.000000, 4.000000, 3.000000
0.358000, 4.000000, 4.000000, 3.000000
0.509000, 4.000000, 4.000000, 3.000000
0.377000, 4.000000, 4.000000, 3.000000
0.475000, 4.000000, 4.000000, 3.000000
0.529000, 4.000000, 4.000000, 3.000000
0.481000, 4.000000, 4.000000, 3.000000
0.340000, 4.000000, 4.000000, 3.000000
0.409000, 4.000000, 4.000000, 3.000000
0.455000, 4.000000, 4.000000, 3.000000
0.332000, 4.000000, 4.000000, 3.000000
0.477000, 4.000000, 4.000000, 3.000000
0.450000, 4.000000, 4.000000, 3.000000
0.438000, 4.000000, 4.000000, 3.000000
0.442000, 10.000000, 2.000000, 7.000000
0.461000, 10.000000, 2.000000, 7.000000
0.480000, 10.000000, 2.000000, 7.000000
0.536000, 10.000000, 2.000000, 7.000000
0.503000, 10.000000, 2.000000, 7.000000
0.537000, 10.000000, 2.000000, 7.000000
0.458000, 10.000000, 2.000000, 7.000000
0.515000, 10.000000, 2.000000, 7.000000
0.427000, 10.000000, 2.000000, 7.000000
0.504000, 10.000000, 2.000000, 7.000000
0.439000, 10.000000, 2.000000, 7.000000
0.482000, 10.000000, 2.000000, 7.000000
0.601000, 10.000000, 2.000000, 7.000000
0.457000, 10.000000, 2.000000, 7.000000
0.515000, 10.000000, 2.000000, 7.000000
0.455000, 10.000000, 2.000000, 7.000000
0.585000, 10.000000, 2.000000, 7.000000
0.451000, 10.000000, 2.000000, 7.000000
0.506000, 10.000000, 2.000000, 7.000000
0.437000, 10.000000, 2.000000, 7.000000
0.448000, 10.000000, 2.000000, 7.000000
0.439000, 10.000000, 2.000000, 7.000000
0.462000, 10.000000, 2.000000, 7.000000
0.426000, 10.000000, 2.000000, 7.000000
0.445000, 10.000000, 2.000000, 7.000000
0.543000, 10.000000, 2.000000, 7.000000
0.441000, 10.000000, 2.000000, 7.000000
0.490000, 10.000000, 2.000000, 7.000000
0.415000, 10.000000, 2.000000, 7.000000
0.519000, 10.000000, 2.000000, 7.000000
0.403000, 10.000000, 2.000000, 7.000000
0.453000, 10.000000, 2.000000, 7.000000
0.445000, 10.000000, 2.000000, 7.000000
0.531000, 10.000000, 2.000000, 7.000000
0.423000, 10.000000, 2.000000, 7.000000
0.461000, 10.000000, 2.000000, 7.000000
0.496000, 10.000000, 2.000000, 7.000000
0.444000, 10.000000, 2.000000, 7.000000
0.555000, 10.000000, 2.000000, 7.000000
0.411000, 10.000000, 2.000000, 7.000000
0.429000, 10.000000, 2.000000, 7.000000
0.572000, 10.000000, 2.000000, 7.000000
0.773000, 1.000000, 8.000000, 2.000000
0.698000, 1.000000, 8.000000, 2.000000
0.845000, 1.000000, 8.000000, 2.000000
0.787000, 1.000000, 8.000000, 2.000000
0.879000, 1.000000, 8.000000, 2.000000
0.862000, 1.000000, 8.000000, 2.000000
0.836000, 1.000000, 8.000000, 2.000000
0.763000, 1.000000, 8.000000, 2.000000
0.859000, 1.000000, 8.000000, 2.000000
0.792000, 1.000000, 8.000000, 2.000000
0.835000, 1.000000, 8.000000, 2.000000
0.860000, 1.000000, 8.000000, 2.000000
0.953000, 1.000000, 8.000000, 2.000000
0.760000, 1.000000, 8.000000, 2.000000
0.788000, 1.000000, 8.000000, 2.000000
0.863000, 1.000000, 8.000000, 2.000000
0.820000, 1.000000, 8.000000, 2.000000
0.858000, 1.000000, 8.000000, 2.000000
0.736000, 1.000000, 8.000000, 2.000000
0.894000, 1.000000, 8.000000, 2.000000
0.823000, 1.000000, 8.000000, 2.000000
0.721000, 1.000000, 8.000000, 2.000000
0.806000, 1.000000, 8.000000, 2.000000
0.852000, 1.000000, 8.000000, 2.000000
0.708000, 1.000000, 8.000000, 2.000000
0.748000, 1.000000, 8.000000, 2.000000
0.778000, 1.000000, 8.000000, 2.000000
0.866000, 1.000000, 8.000000, 2.000000
0.643000, 1.000000, 8.000000, 2.000000
0.786000, 1.000000, 8.000000, 2.000000
0.824000, 1.000000, 8.000000, 2.000000
0.640000, 1.000000, 8.000000, 2.000000
0.726000, 1.000000, 8.000000, 2.000000
0.840000, 1.000000, 8.000000, 2.000000
0.743000, 1.000000, 8.000000, 2.000000
0.845000, 1.000000, 8.000000, 2.000000
0.840000, 1.000000, 8.000000, 2.000000
0.810000, 1.000000, 8.000000, 2.000000
0.846000, 1.000000, 8.000000, 2.000000
0.710000, 1.000000, 8.000000, 2.000000
0.711000, 1.000000, 8.000000, 2.000000
0.876000, 1.000000, 8.000000, 2.000000
0.415000, 6.000000, 3.000000, 1.000000
0.392000, 6.000000, 3.000000, 1.000000
0.430000, 6.000000, 3.000000, 1.000000
0.283000, 6.000000, 3.000000, 1.000000
0.406000, 6.000000, 3.000000, 1.000000
0.238000, 6.000000, 3.000000, 1.000000
0.280000, 6.000000, 3.000000, 1.000000
0.388000, 6.000000, 3.000000, 1.000000
0.247000, 6.000000, 3.000000, 1.000000
0.283000, 6.000000, 3.000000, 1.000000
0.404000, 6.000000, 3.000000, 1.000000
0.266000, 6.000000, 3.000000, 1.000000
0.229000, 6.000000, 3.000000, 1.000000
0.264000, 6.000000, 3.000000, 1.000000
0.343000, 6.000000, 3.000000, 1.000000
0.287000, 6.000000, 3.000000, 1.000000
0.361000, 6.000000, 3.000000, 1.000000
0.237000, 6.000000, 3.000000, 1.000000
0.281000, 6.000000, 3.000000, 1.000000
0.404000, 6.000000, 3.000000, 1.000000
0.250000, 6.000000, 3.000000, 1.000000
0.277000, 6.000000, 3.000000, 1.000000
0.406000, 6.000000, 3.000000, 1.000000
0.208000, 6.000000, 3.000000, 1.000000
0.284000, 6.000000, 3.000000, 1.000000
0.407000, 6.000000, 3.000000, 1.000000
0.279000, 6.000000, 3.000000, 1.000000
0.253000, 6.000000, 3.000000, 1.000000
0.406000, 6.000000, 3.000000, 1.000000
0.279000, 6.000000, 3.000000, 1.000000
0.379000, 6.000000, 3.000000, 1.000000
0.292000, 6.000000, 3.000000, 1.000000
0.378000, 6.000000, 3.000000, 1.000000
0.279000, 6.000000, 3.000000, 1.000000
0.386000, 6.000000, 3.000000, 1.000000
0.293000, 6.000000, 3.000000, 1.000000
0.387000, 6.000000, 3.000000, 1.000000
0.250000, 6.000000, 3.000000, 1.000000
0.276000, 6.000000, 3.000000, 1.000000
0.424000, 6.000000, 3.000000, 1.000000
0.223000, 6.000000, 3.000000, 1.000000
0.262000, 6.000000, 3.000000, 1.000000
0.287000, 7.000000, 3.000000, 3.000000
0.316000, 7.000000, 3.000000, 3.000000
0.489000, 7.000000, 3.000000, 3.000000
0.281000, 7.000000, 3.000000, 3.000000
0.358000, 7.000000, 3.000000, 3.000000
0.456000, 7.000000, 3.000000, 3.000000
0.253000, 7.000000, 3.000000, 3.000000
0.295000, 7.000000, 3.000000, 3.000000
0.258000, 7.000000, 3.000000, 3.000000
0.302000, 7.000000, 3.000000, 3.000000
0.486000, 7.000000, 3.000000, 3.000000
0.330000, 7.000000, 3.000000, 3.000000
0.337000, 7.000000, 3.000000, 3.000000
0.461000, 7.000000, 3.000000, 3.000000
0.258000, 7.000000, 3.000000, 3.000000
0.307000, 7.000000, 3.000000, 3.000000
0.451000, 7.000000, 3.000000, 3.000000
0.282000, 7.000000, 3.000000, 3.000000
0.270000, 7.000000, 3.000000, 3.000000
0.315000, 7.000000, 3.000000, 3.000000
0.430000, 7.000000, 3.000000, 3.000000
0.256000, 7.000000, 3.000000, 3.000000
0.341000, 7.000000, 3.000000, 3.000000
0.473000, 7.000000, 3.000000, 3.000000
0.253000, 7.000000, 3.000000, 3.000000
0.323000, 7.000000, 3.000000, 3.000000
0.446000, 7.000000, 3.000000, 3.000000
0.257000, 7.000000, 3.000000, 3.000000
0.349000, 7.000000, 3.000000, 3.000000
0.425000, 7.000000, 3.000000, 3.000000
0.327000, 7.000000, 3.000000, 3.000000
0.322000, 7.000000, 3.000000, 3.000000
0.408000, 7.000000, 3.000000, 3.000000
0.322000, 7.000000, 3.000000, 3.000000
0.399000, 7.000000, 3.000000, 3.000000
0.271000, 7.000000, 3.000000, 3.000000
0.434000, 7.000000, 3.000000, 3.000000
0.276000, 7.000000, 3.000000, 3.000000
0.340000, 7.000000, 3.000000, 3.000000
0.411000, 7.000000, 3.000000, 3.000000
5.125000, 9.000000, 10.000000, 9.000000
0.307000, 7.000000, 3.000000, 3.000000
0.301000, 7.000000, 3.000000, 3.000000
5.368000, 9.000000, 10.000000, 9.000000
3.378000, 9.000000, 10.000000, 9.000000
3.406000, 9.000000, 10.000000, 9.000000
5.017000, 9.000000, 10.000000, 9.000000
3.472000, 9.000000, 10.000000, 9.000000
3.432000, 9.000000, 10.000000, 9.000000
5.309000, 9.000000, 10.000000, 9.000000
3.419000, 9.000000, 10.000000, 9.000000
5.282000, 9.000000, 10.000000, 9.000000
5.424000, 9.000000, 10.000000, 9.000000
3.427000, 9.000000, 10.000000, 9.000000
3.431000, 9.000000, 10.000000, 9.000000
5.356000, 9.000000, 10.000000, 9.000000
3.426000, 9.000000, 10.000000, 9.000000
4.954000, 9.000000, 10.000000, 9.000000
3.465000, 9.000000, 10.000000, 9.000000
5.028000, 9.000000, 10.000000, 9.000000
3.413000, 9.000000, 10.000000, 9.000000
3.448000, 9.000000, 10.000000, 9.000000
5.344000, 9.000000, 10.000000, 9.000000
3.424000, 9.000000, 10.000000, 9.000000
3.450000, 9.000000, 10.000000, 9.000000
5.401000, 9.000000, 10.000000, 9.000000
3.433000, 9.000000, 10.000000, 9.000000
5.119000, 9.000000, 10.000000, 9.000000
3.407000, 9.000000, 10.000000, 9.000000
3.418000, 9.000000, 10.000000, 9.000000
5.321000, 9.000000, 10.000000, 9.000000
3.431000, 9.000000, 10.000000, 9.000000
5.465000, 9.000000, 10.000000, 9.000000
3.433000, 9.000000, 10.000000, 9.000000
5.473000, 9.000000, 10.000000, 9.000000
3.419000, 9.000000, 10.000000, 9.000000
5.302000, 9.000000, 10.000000, 9.000000
3.435000, 9.000000, 10.000000, 9.000000
5.428000, 9.000000, 10.000000, 9.000000
3.422000, 9.000000, 10.000000, 9.000000
3.425000, 9.000000, 10.000000, 9.000000
5.529000, 9.000000, 10.000000, 9.000000
3.383000, 9.000000, 10.000000, 9.000000
3.436000, 9.000000, 10.000000, 9.000000
1.000000, 10.000000, 6.000000, 4.000000
0.657000, 10.000000, 6.000000, 4.000000
0.748000, 10.000000, 6.000000, 4.000000
1.059000, 10.000000, 6.000000, 4.000000
0.658000, 10.000000, 6.000000, 4.000000
0.718000, 10.000000, 6.000000, 4.000000
1.066000, 10.000000, 6.000000, 4.000000
0.660000, 10.000000, 6.000000, 4.000000
0.697000, 10.000000, 6.000000, 4.000000
1.040000, 10.000000, 6.000000, 4.000000
0.660000, 10.000000, 6.000000, 4.000000
0.755000, 10.000000, 6.000000, 4.000000
1.084000, 10.000000, 6.000000, 4.000000
0.655000, 10.000000, 6.000000, 4.000000
0.714000, 10.000000, 6.000000, 4.000000
1.024000, 10.000000, 6.000000, 4.000000
0.674000, 10.000000, 6.000000, 4.000000
0.772000, 10.000000, 6.000000, 4.000000
1.032000, 10.000000, 6.000000, 4.000000
0.677000, 10.000000, 6.000000, 4.000000
0.662000, 10.000000, 6.000000, 4.000000
0.736000, 10.000000, 6.000000, 4.000000
1.037000, 10.000000, 6.000000, 4.000000
0.693000, 10.000000, 6.000000, 4.000000
0.742000, 10.000000, 6.000000, 4.000000
1.064000, 10.000000, 6.000000, 4.000000
0.654000, 10.000000, 6.000000, 4.000000
0.662000, 10.000000, 6.000000, 4.000000
0.728000, 10.000000, 6.000000, 4.000000
1.067000, 10.000000, 6.000000, 4.000000
0.657000, 10.000000, 6.000000, 4.000000
0.724000, 10.000000, 6.000000, 4.000000
1.066000, 10.000000, 6.000000, 4.000000
0.651000, 10.000000, 6.000000, 4.000000
0.705000, 10.000000, 6.000000, 4.000000
0.985000, 10.000000, 6.000000, 4.000000
0.660000, 10.000000, 6.000000, 4.000000
0.712000, 10.000000, 6.000000, 4.000000
1.095000, 10.000000, 6.000000, 4.000000
0.663000, 10.000000, 6.000000, 4.000000
0.717000, 10.000000, 6.000000, 4.000000
1.080000, 10.000000, 6.000000, 4.000000
0.195000, 2.000000, 1.000000, 1.000000
0.230000, 2.000000, 1.000000, 1.000000
0.323000, 2.000000, 1.000000, 1.000000
0.181000, 2.000000, 1.000000, 1.000000
0.216000, 2.000000, 1.000000, 1.000000
0.328000, 2.000000, 1.000000, 1.000000
0.173000, 2.000000, 1.000000, 1.000000
0.230000, 2.000000, 1.000000, 1.000000
0.294000, 2.000000, 1.000000, 1.000000
0.200000, 2.000000, 1.000000, 1.000000
0.206000, 2.000000, 1.000000, 1.000000
0.295000, 2.000000, 1.000000, 1.000000
0.221000, 2.000000, 1.000000, 1.000000
0.272000, 2.000000, 1.000000, 1.000000
0.157000, 2.000000, 1.000000, 1.000000
0.240000, 2.000000, 1.000000, 1.000000
0.309000, 2.000000, 1.000000, 1.000000
0.226000, 2.000000, 1.000000, 1.000000
0.306000, 2.000000, 1.000000, 1.000000
0.217000, 2.000000, 1.000000, 1.000000
0.308000, 2.000000, 1.000000, 1.000000
0.200000, 2.000000, 1.000000, 1.000000
0.221000, 2.000000, 1.000000, 1.000000
0.353000, 2.000000, 1.000000, 1.000000
0.156000, 2.000000, 1.000000, 1.000000
0.220000, 2.000000, 1.000000, 1.000000
0.318000, 2.000000, 1.000000, 1.000000
0.217000, 2.000000, 1.000000, 1.000000
0.217000, 2.000000, 1.000000, 1.000000
0.302000, 2.000000, 1.000000, 1.000000
0.205000, 2.000000, 1.000000, 1.000000
0.220000, 2.000000, 1.000000, 1.000000
0.338000, 2.000000, 1.000000, 1.000000
0.241000, 2.000000, 1.000000, 1.000000
0.310000, 2.000000, 1.000000, 1.000000
0.195000, 2.000000, 1.000000, 1.000000
0.266000, 2.000000, 1.000000, 1.000000
0.357000, 2.000000, 1.000000, 1.000000
0.234000, 2.000000, 1.000000, 1.000000
0.335000, 2.000000, 1.000000, 1.000000
0.221000, 2.000000, 1.000000, 1.000000
0.239000, 2.000000, 1.000000, 1.000000
0.698000, 2.000000, 7.000000, 2.000000
0.492000, 2.000000, 7.000000, 2.000000
0.401000, 2.000000, 7.000000, 2.000000
0.458000, 2.000000, 7.000000, 2.000000
0.715000, 2.000000, 7.000000, 2.000000
0.403000, 2.000000, 7.000000, 2.000000
0.469000, 2.000000, 7.000000, 2.000000
0.703000, 2.000000, 7.000000, 2.000000
0.466000, 2.000000, 7.000000, 2.000000
0.721000, 2.000000, 7.000000, 2.000000
0.401000, 2.000000, 7.000000, 2.000000
0.482000, 2.000000, 7.000000, 2.000000
0.705000, 2.000000, 7.000000, 2.000000
0.404000, 2.000000, 7.000000, 2.000000
0.463000, 2.000000, 7.000000, 2.000000
0.706000, 2.000000, 7.000000, 2.000000
0.401000, 2.000000, 7.000000, 2.000000
0.456000, 2.000000, 7.000000, 2.000000
0.684000, 2.000000, 7.000000, 2.000000
0.400000, 2.000000, 7.000000, 2.000000
0.468000, 2.000000, 7.000000, 2.000000
0.659000, 2.000000, 7.000000, 2.000000
0.442000, 2.000000, 7.000000, 2.000000
0.419000, 2.000000, 7.000000, 2.000000
0.479000, 2.000000, 7.000000, 2.000000
0.448000, 2.000000, 7.000000, 2.000000
0.694000, 2.000000, 7.000000, 2.000000
0.472000, 2.000000, 7.000000, 2.000000
0.666000, 2.000000, 7.000000, 2.000000
0.440000, 2.000000, 7.000000, 2.000000
0.404000, 2.000000, 7.000000, 2.000000
0.471000, 2.000000, 7.000000, 2.000000
0.679000, 2.000000, 7.000000, 2.000000
0.429000, 2.000000, 7.000000, 2.000000
0.468000, 2.000000, 7.000000, 2.000000
0.707000, 2.000000, 7.000000, 2.000000
0.401000, 2.000000, 7.000000, 2.000000
0.493000, 2.000000, 7.000000, 2.000000
0.711000, 2.000000, 7.000000, 2.000000
0.423000, 2.000000, 7.000000, 2.000000
0.462000, 2.000000, 7.000000, 2.000000
0.655000, 2.000000, 7.000000, 2.000000
0.660000, 10.000000, 6.000000, 4.000000
0.734000, 10.000000, 6.000000, 4.000000
1.087000, 10.000000, 6.000000, 4.000000
0.664000, 10.000000, 6.000000, 4.000000
0.718000, 10.000000, 6.000000, 4.000000
1.057000, 10.000000, 6.000000, 4.000000
0.650000, 10.000000, 6.000000, 4.000000
0.723000, 10.000000, 6.000000, 4.000000
1.042000, 10.000000, 6.000000, 4.000000
0.679000, 10.000000, 6.000000, 4.000000
0.694000, 10.000000, 6.000000, 4.000000
1.084000, 10.000000, 6.000000, 4.000000
0.656000, 10.000000, 6.000000, 4.000000
0.652000, 10.000000, 6.000000, 4.000000
0.705000, 10.000000, 6.000000, 4.000000
1.108000, 10.000000, 6.000000, 4.000000
0.673000, 10.000000, 6.000000, 4.000000
0.710000, 10.000000, 6.000000, 4.000000
1.017000, 10.000000, 6.000000, 4.000000
0.676000, 10.000000, 6.000000, 4.000000
0.725000, 10.000000, 6.000000, 4.000000
1.117000, 10.000000, 6.000000, 4.000000
0.653000, 10.000000, 6.000000, 4.000000
0.723000, 10.000000, 6.000000, 4.000000
1.047000, 10.000000, 6.000000, 4.000000
0.680000, 10.000000, 6.000000, 4.000000
0.727000, 10.000000, 6.000000, 4.000000
1.086000, 10.000000, 6.000000, 4.000000
0.674000, 10.000000, 6.000000, 4.000000
0.770000, 10.000000, 6.000000, 4.000000
0.964000, 10.000000, 6.000000, 4.000000
0.696000, 10.000000, 6.000000, 4.000000
0.727000, 10.000000, 6.000000, 4.000000
1.025000, 10.000000, 6.000000, 4.000000
0.701000, 10.000000, 6.000000, 4.000000
0.685000, 10.000000, 6.000000, 4.000000
1.063000, 10.000000, 6.000000, 4.000000
0.716000, 10.000000, 6.000000, 4.000000
1.109000, 10.000000, 6.000000, 4.000000
0.771000, 10.000000, 6.000000, 4.000000
1.713000, 10.000000, 6.000000, 4.000000
3.440000, 10.000000, 6.000000, 4.000000